<?xml version="1.0" encoding="UTF-8"?>
<coverage generated="1733287740787" clover="3.2.0">
  <project timestamp="1733287740787" name="All files">
    <metrics statements="16" coveredstatements="16" conditionals="14" coveredconditionals="14" methods="6" coveredmethods="6" elements="36" coveredelements="36" complexity="0" loc="16" ncloc="16" packages="1" files="4" classes="4"/>
    <file name="Banner.jsx" path="E:\MySkill\Lumoshive\Bootcamp\projects\project9\landing-page\src\components\Banner.jsx">
      <metrics statements="3" coveredstatements="3" conditionals="4" coveredconditionals="4" methods="1" coveredmethods="1"/>
      <line num="7" count="1" type="stmt"/>
      <line num="13" count="2" type="stmt"/>
      <line num="31" count="1" type="stmt"/>
    </file>
    <file name="Card.jsx" path="E:\MySkill\Lumoshive\Bootcamp\projects\project9\landing-page\src\components\Card.jsx">
      <metrics statements="6" coveredstatements="6" conditionals="9" coveredconditionals="9" methods="2" coveredmethods="2"/>
      <line num="5" count="1" type="stmt"/>
      <line num="15" count="1" type="cond" truecount="1" falsecount="0"/>
      <line num="16" count="4" type="stmt"/>
      <line num="17" count="4" type="stmt"/>
      <line num="27" count="1" type="stmt"/>
      <line num="49" count="1" type="stmt"/>
    </file>
    <file name="HeaderFilter.jsx" path="E:\MySkill\Lumoshive\Bootcamp\projects\project9\landing-page\src\components\HeaderFilter.jsx">
      <metrics statements="4" coveredstatements="4" conditionals="1" coveredconditionals="1" methods="2" coveredmethods="2"/>
      <line num="4" count="1" type="cond" truecount="1" falsecount="0"/>
      <line num="5" count="2" type="stmt"/>
      <line num="11" count="2" type="stmt"/>
      <line num="21" count="1" type="stmt"/>
    </file>
    <file name="TestimonialCard.jsx" path="E:\MySkill\Lumoshive\Bootcamp\projects\project9\landing-page\src\components\TestimonialCard.jsx">
      <metrics statements="3" coveredstatements="3" conditionals="0" coveredconditionals="0" methods="1" coveredmethods="1"/>
      <line num="6" count="1" type="stmt"/>
      <line num="7" count="1" type="stmt"/>
      <line num="32" count="1" type="stmt"/>
    </file>
  </project>
</coverage>
