{"E:\\MySkill\\Lumoshive\\Bootcamp\\projects\\project9\\landing-page\\src\\components\\Banner.jsx": {"path":"E:\\MySkill\\Lumoshive\\Bootcamp\\projects\\project9\\landing-page\\src\\components\\Banner.jsx","statementMap":{"0":{"start":{"line":7,"column":15},"end":{"line":30,"column":1}},"1":{"start":{"line":13,"column":2},"end":{"line":29,"column":4}},"2":{"start":{"line":31,"column":0},"end":{"line":36,"column":2}}},"fnMap":{"0":{"name":"(anonymous_0)","decl":{"start":{"line":7,"column":15},"end":{"line":7,"column":16}},"loc":{"start":{"line":12,"column":6},"end":{"line":30,"column":1}},"line":12}},"branchMap":{"0":{"loc":{"start":{"line":8,"column":2},"end":{"line":8,"column":31}},"type":"default-arg","locations":[{"start":{"line":8,"column":10},"end":{"line":8,"column":31}}],"line":8},"1":{"loc":{"start":{"line":9,"column":2},"end":{"line":9,"column":33}},"type":"default-arg","locations":[{"start":{"line":9,"column":10},"end":{"line":9,"column":33}}],"line":9},"2":{"loc":{"start":{"line":10,"column":2},"end":{"line":10,"column":33}},"type":"default-arg","locations":[{"start":{"line":10,"column":15},"end":{"line":10,"column":33}}],"line":10},"3":{"loc":{"start":{"line":11,"column":2},"end":{"line":11,"column":15}},"type":"default-arg","locations":[{"start":{"line":11,"column":10},"end":{"line":11,"column":15}}],"line":11}},"s":{"0":1,"1":2,"2":1},"f":{"0":2},"b":{"0":[1],"1":[2],"2":[2],"3":[2]},"_coverageSchema":"1a1c01bbd47fc00a2c39e90264f33305004495a9","hash":"db64058f9206859c9bbd0a9a7af057d945130ab2"}
,"E:\\MySkill\\Lumoshive\\Bootcamp\\projects\\project9\\landing-page\\src\\components\\Card.jsx": {"path":"E:\\MySkill\\Lumoshive\\Bootcamp\\projects\\project9\\landing-page\\src\\components\\Card.jsx","statementMap":{"0":{"start":{"line":5,"column":18},"end":{"line":13,"column":1}},"1":{"start":{"line":15,"column":13},"end":{"line":47,"column":1}},"2":{"start":{"line":16,"column":19},"end":{"line":16,"column":32}},"3":{"start":{"line":17,"column":2},"end":{"line":46,"column":4}},"4":{"start":{"line":27,"column":25},"end":{"line":27,"column":54}},"5":{"start":{"line":49,"column":0},"end":{"line":60,"column":2}}},"fnMap":{"0":{"name":"(anonymous_0)","decl":{"start":{"line":15,"column":13},"end":{"line":15,"column":14}},"loc":{"start":{"line":15,"column":49},"end":{"line":47,"column":1}},"line":15},"1":{"name":"(anonymous_1)","decl":{"start":{"line":27,"column":19},"end":{"line":27,"column":20}},"loc":{"start":{"line":27,"column":25},"end":{"line":27,"column":54}},"line":27}},"branchMap":{"0":{"loc":{"start":{"line":15,"column":16},"end":{"line":15,"column":32}},"type":"default-arg","locations":[{"start":{"line":15,"column":23},"end":{"line":15,"column":32}}],"line":15},"1":{"loc":{"start":{"line":21,"column":43},"end":{"line":21,"column":66}},"type":"binary-expr","locations":[{"start":{"line":21,"column":43},"end":{"line":21,"column":53}},{"start":{"line":21,"column":57},"end":{"line":21,"column":66}}],"line":21},"2":{"loc":{"start":{"line":28,"column":24},"end":{"line":28,"column":45}},"type":"binary-expr","locations":[{"start":{"line":28,"column":24},"end":{"line":28,"column":33}},{"start":{"line":28,"column":37},"end":{"line":28,"column":45}}],"line":28},"3":{"loc":{"start":{"line":34,"column":24},"end":{"line":34,"column":50}},"type":"binary-expr","locations":[{"start":{"line":34,"column":24},"end":{"line":34,"column":38}},{"start":{"line":34,"column":42},"end":{"line":34,"column":50}}],"line":34},"4":{"loc":{"start":{"line":40,"column":24},"end":{"line":40,"column":51}},"type":"binary-expr","locations":[{"start":{"line":40,"column":24},"end":{"line":40,"column":39}},{"start":{"line":40,"column":43},"end":{"line":40,"column":51}}],"line":40}},"s":{"0":1,"1":1,"2":4,"3":4,"4":1,"5":1},"f":{"0":4,"1":1},"b":{"0":[1],"1":[4,1],"2":[4,1],"3":[4,4],"4":[4,3]},"_coverageSchema":"1a1c01bbd47fc00a2c39e90264f33305004495a9","hash":"d754e8ebae7f1198b6de43af77edd685e67890ee"}
,"E:\\MySkill\\Lumoshive\\Bootcamp\\projects\\project9\\landing-page\\src\\components\\HeaderFilter.jsx": {"path":"E:\\MySkill\\Lumoshive\\Bootcamp\\projects\\project9\\landing-page\\src\\components\\HeaderFilter.jsx","statementMap":{"0":{"start":{"line":4,"column":21},"end":{"line":19,"column":1}},"1":{"start":{"line":5,"column":2},"end":{"line":18,"column":4}},"2":{"start":{"line":11,"column":12},"end":{"line":13,"column":17}},"3":{"start":{"line":21,"column":0},"end":{"line":24,"column":2}}},"fnMap":{"0":{"name":"(anonymous_0)","decl":{"start":{"line":4,"column":21},"end":{"line":4,"column":22}},"loc":{"start":{"line":4,"column":46},"end":{"line":19,"column":1}},"line":4},"1":{"name":"(anonymous_1)","decl":{"start":{"line":10,"column":20},"end":{"line":10,"column":21}},"loc":{"start":{"line":11,"column":12},"end":{"line":13,"column":17}},"line":11}},"branchMap":{"0":{"loc":{"start":{"line":4,"column":31},"end":{"line":4,"column":39}},"type":"default-arg","locations":[{"start":{"line":4,"column":37},"end":{"line":4,"column":39}}],"line":4}},"s":{"0":1,"1":2,"2":2,"3":1},"f":{"0":2,"1":2},"b":{"0":[1]},"_coverageSchema":"1a1c01bbd47fc00a2c39e90264f33305004495a9","hash":"3f08cf1138a5144028722d2d0bea8aefb11ec105"}
,"E:\\MySkill\\Lumoshive\\Bootcamp\\projects\\project9\\landing-page\\src\\components\\TestimonialCard.jsx": {"path":"E:\\MySkill\\Lumoshive\\Bootcamp\\projects\\project9\\landing-page\\src\\components\\TestimonialCard.jsx","statementMap":{"0":{"start":{"line":6,"column":24},"end":{"line":30,"column":1}},"1":{"start":{"line":7,"column":2},"end":{"line":29,"column":4}},"2":{"start":{"line":32,"column":0},"end":{"line":37,"column":2}}},"fnMap":{"0":{"name":"(anonymous_0)","decl":{"start":{"line":6,"column":24},"end":{"line":6,"column":25}},"loc":{"start":{"line":6,"column":58},"end":{"line":30,"column":1}},"line":6}},"branchMap":{},"s":{"0":1,"1":1,"2":1},"f":{"0":1},"b":{},"_coverageSchema":"1a1c01bbd47fc00a2c39e90264f33305004495a9","hash":"69c2169823fde55c13ee57fbb26acbc681a167d6"}
}
