TN:
SF:src\components\Banner.jsx
FN:7,(anonymous_0)
FNF:1
FNH:1
FNDA:2,(anonymous_0)
DA:7,1
DA:13,2
DA:31,1
LF:3
LH:3
BRDA:8,0,0,1
BRDA:9,1,0,2
BRDA:10,2,0,2
BRDA:11,3,0,2
BRF:4
BRH:4
end_of_record
TN:
SF:src\components\Card.jsx
FN:15,(anonymous_0)
FN:27,(anonymous_1)
FNF:2
FNH:2
FNDA:4,(anonymous_0)
FNDA:1,(anonymous_1)
DA:5,1
DA:15,1
DA:16,4
DA:17,4
DA:27,1
DA:49,1
LF:6
LH:6
BRDA:15,0,0,1
BRDA:21,1,0,4
BRDA:21,1,1,1
BRDA:28,2,0,4
BRDA:28,2,1,1
BRDA:34,3,0,4
BRDA:34,3,1,4
BRDA:40,4,0,4
BRDA:40,4,1,3
BRF:9
BRH:9
end_of_record
TN:
SF:src\components\HeaderFilter.jsx
FN:4,(anonymous_0)
FN:10,(anonymous_1)
FNF:2
FNH:2
FNDA:2,(anonymous_0)
FNDA:2,(anonymous_1)
DA:4,1
DA:5,2
DA:11,2
DA:21,1
LF:4
LH:4
BRDA:4,0,0,1
BRF:1
BRH:1
end_of_record
TN:
SF:src\components\TestimonialCard.jsx
FN:6,(anonymous_0)
FNF:1
FNH:1
FNDA:1,(anonymous_0)
DA:6,1
DA:7,1
DA:32,1
LF:3
LH:3
BRF:0
BRH:0
end_of_record
